<?xml version="1.0" encoding="UTF-8"?>
<!-- Generated by org.testng.reporters.JUnitReportReporter -->
<testsuite hostname="raven-Latitude-E6510" failures="0" tests="1" name="Accademy.AppTest" time="0.024" errors="0" timestamp="2020-02-24T16:36:04 CET" skipped="0">
  <testcase classname="Accademy.AppTest" name="testApp" time="0.024"/>
</testsuite> <!-- Accademy.AppTest -->
