<?xml version="1.0" encoding="UTF-8"?>
<!-- Generated by org.testng.reporters.JUnitReportReporter -->
<testsuite hostname="raven-Latitude-E6510" failures="0" tests="1" name="Accademy.AppTest" time="0.010" errors="0" timestamp="2020-02-25T17:41:55 CET" skipped="0">
  <testcase classname="Accademy.AppTest" name="testApp" time="0.010"/>
</testsuite> <!-- Accademy.AppTest -->
