<?xml version="1.0" encoding="UTF-8"?>
<!-- Generated by org.testng.reporters.JUnitReportReporter -->
<testsuite hostname="raven-Latitude-E6510" failures="0" tests="2" name="Accademy.HomePage" time="22.752" errors="0" timestamp="2020-02-25T17:41:55 CET" skipped="0">
  <testcase classname="Accademy.HomePage" name="baseValidateHomePage" time="6.974"/>
  <testcase classname="Accademy.HomePage" name="baseValidateHomePage" time="15.778"/>
</testsuite> <!-- Accademy.HomePage -->
