<?xml version="1.0" encoding="UTF-8"?>
<!-- Generated by org.testng.reporters.JUnitReportReporter -->
<testsuite hostname="raven-Latitude-E6510" failures="0" tests="1" name="Accademy.ValidateNavBar" time="14.816" errors="0" timestamp="2020-02-25T17:44:37 CET" skipped="0">
  <testcase classname="Accademy.ValidateNavBar" name="baseAppNavbar" time="14.816"/>
</testsuite> <!-- Accademy.ValidateNavBar -->
