<?xml version="1.0" encoding="UTF-8"?>
<!-- Generated by org.testng.reporters.JUnitReportReporter -->
<testsuite hostname="raven-Latitude-E6510" failures="0" tests="2" name="Accademy.ValidateTittle" time="28.276" errors="0" timestamp="2020-02-25T17:44:37 CET" skipped="0">
  <testcase classname="Accademy.ValidateTittle" name="baseValidateTittle" time="0.218"/>
  <testcase classname="Accademy.ValidateTittle" name="baseValidateSecondTittle" time="28.058"/>
</testsuite> <!-- Accademy.ValidateTittle -->
