<?xml version="1.0" encoding="UTF-8"?>
<!-- Generated by org.testng.reporters.JUnitReportReporter -->
<testsuite hostname="raven-Latitude-E6510" failures="0" tests="1" name="cucumberOptions.TestRunner" time="49.923" errors="0" timestamp="2020-03-06T17:30:57 CET" skipped="0">
  <testcase classname="cucumberOptions.TestRunner" name="feature" time="49.923"/>
</testsuite> <!-- cucumberOptions.TestRunner -->
